#
# A fatal error has been detected by the Java Runtime Environment:
#
#  EXCEPTION_ACCESS_VIOLATION (0xc0000005) at pc=0x00007ffafe28d0c0, pid=13192, tid=7792
#
# JRE version: Java(TM) SE Runtime Environment 18.9 (11.0.18+9) (build 11.0.18+9-LTS-195)
# Java VM: Java HotSpot(TM) 64-Bit Server VM 18.9 (11.0.18+9-LTS-195, mixed mode, tiered, compressed oops, g1 gc, windows-amd64)
# Problematic frame:
# V  [jvm.dll+0x68d0c0]
#
# No core dump will be written. Minidumps are not enabled by default on client versions of Windows
#
# If you would like to submit a bug report, please visit:
#   https://bugreport.java.com/bugreport/crash.jsp
#

---------------  S U M M A R Y ------------

Command Line: --add-opens=java.base/java.util=ALL-UNNAMED --add-opens=java.base/java.lang=ALL-UNNAMED --add-opens=java.base/java.lang.invoke=ALL-UNNAMED --add-opens=java.prefs/java.util.prefs=ALL-UNNAMED --add-opens=java.base/java.nio.charset=ALL-UNNAMED --add-opens=java.base/java.net=ALL-UNNAMED --add-opens=java.base/java.util.concurrent.atomic=ALL-UNNAMED -XX:MaxMetaspaceSize=256m -XX:+HeapDumpOnOutOfMemoryError -Xms256m -Xmx512m -Dfile.encoding=windows-1252 -Duser.country=US -Duser.language=en -Duser.variant org.gradle.launcher.daemon.bootstrap.GradleDaemon 8.0

Host: Intel(R) Core(TM) i3-2120 CPU @ 3.30GHz, 4 cores, 3G,  Windows 10 , 64 bit Build 19041 (10.0.19041.3031)
Time: Mon Jul  3 22:40:05 2023 Central Asia Standard Time elapsed time: 11.498313 seconds (0d 0h 0m 11s)

---------------  T H R E A D  ---------------

Current thread (0x000001fc9da84800):  JavaThread "C2 CompilerThread0" daemon [_thread_in_native, id=7792, stack(0x00000098c3000000,0x00000098c3100000)]


Current CompileTask:
C2:  11498 4913       4       groovy.lang.MetaClassImpl$1MOPIter::methodNameAction (325 bytes)

Stack: [0x00000098c3000000,0x00000098c3100000],  sp=0x00000098c30fbc00,  free space=1007k
Native frames: (J=compiled Java code, j=interpreted, Vv=VM code, C=native code)
V  [jvm.dll+0x68d0c0]
V  [jvm.dll+0x1a24e8]
V  [jvm.dll+0x2114fd]
V  [jvm.dll+0x210378]
V  [jvm.dll+0x18c641]
V  [jvm.dll+0x220609]
V  [jvm.dll+0x21e92c]
V  [jvm.dll+0x763f61]
V  [jvm.dll+0x75c924]
V  [jvm.dll+0x65c755]
C  [ucrtbase.dll+0x21bb2]
C  [KERNEL32.DLL+0x17614]
C  [ntdll.dll+0x526f1]


siginfo: EXCEPTION_ACCESS_VIOLATION (0xc0000005), reading address 0x000011fc9f852e10


Register to memory mapping:

RIP=0x00007ffafe28d0c0 jvm.dll
RAX=0x000001fc9f063c80 points into unknown readable memory: 0x000001fc9f1c1818 | 18 18 1c 9f fc 01 00 00
RBX=0x000001fc9f28da98 points into unknown readable memory: 0x00007ffafe425660 | 60 56 42 fe fa 7f 00 00
RCX=0x0000000000000462 is an unknown value
RDX=0x0000000000000276 is an unknown value
RSP=0x00000098c30fbc00 is pointing into the stack for thread: 0x000001fc9da84800
RBP=0x00000098c30fbca9 is pointing into the stack for thread: 0x000001fc9da84800
RSI=0x0000000000000001 is an unknown value
RDI=0x0000000000000001 is an unknown value
R8 =0x0 is NULL
R9 =0x000001fc9f4e1468 points into unknown readable memory: 0x00007ffafe422258 | 58 22 42 fe fa 7f 00 00
R10=0x000001fc9f98d890 points into unknown readable memory: 0x0000000000000000 | 00 00 00 00 00 00 00 00
R11=0x00000098c30fbbf8 is pointing into the stack for thread: 0x000001fc9da84800
R12=0x0000000000000462 is an unknown value
R13=0x000001fc9da7d790 points into unknown readable memory: 0x00015a2900000006 | 06 00 00 00 29 5a 01 00
R14=0x000011fc9f852de8 is an unknown value
R15=0x00000098c30fc190 is pointing into the stack for thread: 0x000001fc9da84800


Registers:
RAX=0x000001fc9f063c80, RBX=0x000001fc9f28da98, RCX=0x0000000000000462, RDX=0x0000000000000276
RSP=0x00000098c30fbc00, RBP=0x00000098c30fbca9, RSI=0x0000000000000001, RDI=0x0000000000000001
R8 =0x0000000000000000, R9 =0x000001fc9f4e1468, R10=0x000001fc9f98d890, R11=0x00000098c30fbbf8
R12=0x0000000000000462, R13=0x000001fc9da7d790, R14=0x000011fc9f852de8, R15=0x00000098c30fc190
RIP=0x00007ffafe28d0c0, EFLAGS=0x0000000000010297

Top of Stack: (sp=0x00000098c30fbc00)
0x00000098c30fbc00:   00000098c30fc190 0000000000000008
0x00000098c30fbc10:   0000009800000001 00007ffafdc00000
0x00000098c30fbc20:   00000098c30fbc30 0000000000000000
0x00000098c30fbc30:   0000027600000276 0000000000000000
0x00000098c30fbc40:   000001fc00000008 000001fca54df440
0x00000098c30fbc50:   0000000000250000 0000000000000000
0x00000098c30fbc60:   000001fca3690000 0000000000000000
0x00000098c30fbc70:   0000000000000000 00007ffafe4f57b0
0x00000098c30fbc80:   0000000000000000 0000000000000000
0x00000098c30fbc90:   0000000000000000 00007ffafe4f57b0
0x00000098c30fbca0:   0000000000000000 00007ffafe4f57c0
0x00000098c30fbcb0:   0000000000000000 0000000000000000
0x00000098c30fbcc0:   0000000000000000 000001fc9fd9da60
0x00000098c30fbcd0:   00000000000003d8 000001fc9fd9de48
0x00000098c30fbce0:   000001fc9fd9da70 00000098c30fc278
0x00000098c30fbcf0:   0000000000000000 00000098c30fc190 

Instructions: (pc=0x00007ffafe28d0c0)
0x00007ffafe28d0a0:   44 39 40 40 0f 86 10 01 00 00 66 0f 1f 44 00 00
0x00007ffafe28d0b0:   48 8b 40 30 bf 01 00 00 00 41 8b cc 4c 8b 34 c8
0x00007ffafe28d0c0:   41 39 7e 28 0f 86 a6 00 00 00 66 0f 1f 44 00 00
0x00007ffafe28d0d0:   41 3b 7e 18 73 0c 49 8b 5e 20 8b c7 48 8b 1c c3 


Stack slot to memory mapping:
stack at sp + 0 slots: 0x00000098c30fc190 is pointing into the stack for thread: 0x000001fc9da84800
stack at sp + 1 slots: 0x0000000000000008 is an unknown value
stack at sp + 2 slots: 0x0000009800000001 is an unknown value
stack at sp + 3 slots: 0x00007ffafdc00000 jvm.dll
stack at sp + 4 slots: 0x00000098c30fbc30 is pointing into the stack for thread: 0x000001fc9da84800
stack at sp + 5 slots: 0x0 is NULL
stack at sp + 6 slots: 0x0000027600000276 is an unknown value
stack at sp + 7 slots: 0x0 is NULL


---------------  P R O C E S S  ---------------

Threads class SMR info:
_java_thread_list=0x000001fca3c2e760, length=44, elements={
0x000001fc83b7e800, 0x000001fc9da5f800, 0x000001fc9da69800, 0x000001fc9da7e000,
0x000001fc9da80000, 0x000001fc9da82000, 0x000001fc9da84800, 0x000001fc9da90000,
0x000001fc9da98000, 0x000001fc9e548800, 0x000001fc9e7a4800, 0x000001fca031f800,
0x000001fc9f925800, 0x000001fc9fdbd800, 0x000001fc9f8a1000, 0x000001fc9f70b800,
0x000001fca0eb5000, 0x000001fc9fd1a800, 0x000001fca17d3000, 0x000001fc9fefa800,
0x000001fca047d000, 0x000001fca047a800, 0x000001fca047d800, 0x000001fca0479800,
0x000001fca0478800, 0x000001fca0478000, 0x000001fca047b000, 0x000001fca047c000,
0x000001fca047e800, 0x000001fca0f6c800, 0x000001fca0f69800, 0x000001fca0f6a000,
0x000001fca0f6b000, 0x000001fca0f6c000, 0x000001fca0f6f000, 0x000001fca0f72800,
0x000001fca0f74000, 0x000001fca0f71800, 0x000001fca0f75000, 0x000001fca0f70000,
0x000001fca0f76800, 0x000001fca0f70800, 0x000001fca0f77800, 0x000001fca4015000
}

Java Threads: ( => current thread )
  0x000001fc83b7e800 JavaThread "main" [_thread_blocked, id=15296, stack(0x00000098c2400000,0x00000098c2500000)]
  0x000001fc9da5f800 JavaThread "Reference Handler" daemon [_thread_blocked, id=12776, stack(0x00000098c2b00000,0x00000098c2c00000)]
  0x000001fc9da69800 JavaThread "Finalizer" daemon [_thread_blocked, id=5268, stack(0x00000098c2c00000,0x00000098c2d00000)]
  0x000001fc9da7e000 JavaThread "Signal Dispatcher" daemon [_thread_blocked, id=14616, stack(0x00000098c2d00000,0x00000098c2e00000)]
  0x000001fc9da80000 JavaThread "Attach Listener" daemon [_thread_blocked, id=12392, stack(0x00000098c2e00000,0x00000098c2f00000)]
  0x000001fc9da82000 JavaThread "Service Thread" daemon [_thread_blocked, id=12984, stack(0x00000098c2f00000,0x00000098c3000000)]
=>0x000001fc9da84800 JavaThread "C2 CompilerThread0" daemon [_thread_in_native, id=7792, stack(0x00000098c3000000,0x00000098c3100000)]
  0x000001fc9da90000 JavaThread "C1 CompilerThread0" daemon [_thread_blocked, id=2632, stack(0x00000098c3100000,0x00000098c3200000)]
  0x000001fc9da98000 JavaThread "Sweeper thread" daemon [_thread_blocked, id=2296, stack(0x00000098c3200000,0x00000098c3300000)]
  0x000001fc9e548800 JavaThread "Common-Cleaner" daemon [_thread_blocked, id=13712, stack(0x00000098c3300000,0x00000098c3400000)]
  0x000001fc9e7a4800 JavaThread "C2 CompilerThread1" daemon [_thread_in_native, id=5400, stack(0x00000098c3500000,0x00000098c3600000)]
  0x000001fca031f800 JavaThread "Daemon health stats" [_thread_blocked, id=10024, stack(0x00000098c3900000,0x00000098c3a00000)]
  0x000001fc9f925800 JavaThread "Incoming local TCP Connector on port 56152" [_thread_in_native, id=13924, stack(0x00000098c3a00000,0x00000098c3b00000)]
  0x000001fc9fdbd800 JavaThread "Daemon periodic checks" [_thread_blocked, id=13724, stack(0x00000098c3b00000,0x00000098c3c00000)]
  0x000001fc9f8a1000 JavaThread "Daemon" [_thread_blocked, id=1728, stack(0x00000098c3c00000,0x00000098c3d00000)]
  0x000001fc9f70b800 JavaThread "Handler for socket connection from /127.0.0.1:56152 to /127.0.0.1:56153" [_thread_in_native, id=9832, stack(0x00000098c3d00000,0x00000098c3e00000)]
  0x000001fca0eb5000 JavaThread "Cancel handler" [_thread_blocked, id=13772, stack(0x00000098c3e00000,0x00000098c3f00000)]
  0x000001fc9fd1a800 JavaThread "Daemon worker" [_thread_blocked, id=2756, stack(0x00000098c3f00000,0x00000098c4000000)]
  0x000001fca17d3000 JavaThread "Asynchronous log dispatcher for DefaultDaemonConnection: socket connection from /127.0.0.1:56152 to /127.0.0.1:56153" [_thread_blocked, id=3972, stack(0x00000098c4000000,0x00000098c4100000)]
  0x000001fc9fefa800 JavaThread "Stdin handler" [_thread_blocked, id=13876, stack(0x00000098c4100000,0x00000098c4200000)]
  0x000001fca047d000 JavaThread "Daemon client event forwarder" [_thread_blocked, id=3788, stack(0x00000098c4200000,0x00000098c4300000)]
  0x000001fca047a800 JavaThread "Cache worker for journal cache (C:\Users\Admin\.gradle\caches\journal-1)" [_thread_blocked, id=1292, stack(0x00000098c4300000,0x00000098c4400000)]
  0x000001fca047d800 JavaThread "File lock request listener" [_thread_in_native, id=12552, stack(0x00000098c4400000,0x00000098c4500000)]
  0x000001fca0479800 JavaThread "Cache worker for file hash cache (C:\Users\Admin\.gradle\caches\8.0\fileHashes)" [_thread_blocked, id=7748, stack(0x00000098c4500000,0x00000098c4600000)]
  0x000001fca0478800 JavaThread "File watcher server" daemon [_thread_in_native, id=1880, stack(0x00000098c4600000,0x00000098c4700000)]
  0x000001fca0478000 JavaThread "File watcher consumer" daemon [_thread_blocked, id=12756, stack(0x00000098c4700000,0x00000098c4800000)]
  0x000001fca047b000 JavaThread "Cache worker for checksums cache (F:\Java Practice\Java SDET\AssignmentOnJUnit\.gradle\8.0\checksums)" [_thread_blocked, id=4372, stack(0x00000098c4800000,0x00000098c4900000)]
  0x000001fca047c000 JavaThread "Cache worker for cache directory md-rule (C:\Users\Admin\.gradle\caches\8.0\md-rule)" [_thread_blocked, id=1356, stack(0x00000098c4900000,0x00000098c4a00000)]
  0x000001fca047e800 JavaThread "Cache worker for file content cache (C:\Users\Admin\.gradle\caches\8.0\fileContent)" [_thread_blocked, id=15212, stack(0x00000098c4a00000,0x00000098c4b00000)]
  0x000001fca0f6c800 JavaThread "Cache worker for file hash cache (F:\Java Practice\Java SDET\AssignmentOnJUnit\.gradle\8.0\fileHashes)" [_thread_blocked, id=1948, stack(0x00000098c4b00000,0x00000098c4c00000)]
  0x000001fca0f69800 JavaThread "Cache worker for cache directory md-supplier (C:\Users\Admin\.gradle\caches\8.0\md-supplier)" [_thread_blocked, id=5688, stack(0x00000098c4c00000,0x00000098c4d00000)]
  0x000001fca0f6a000 JavaThread "Cache worker for execution history cache (C:\Users\Admin\.gradle\caches\8.0\executionHistory)" [_thread_blocked, id=5412, stack(0x00000098c4d00000,0x00000098c4e00000)]
  0x000001fca0f6b000 JavaThread "jar transforms" [_thread_blocked, id=2204, stack(0x00000098c4e00000,0x00000098c4f00000)]
  0x000001fca0f6c000 JavaThread "jar transforms Thread 2" [_thread_blocked, id=14116, stack(0x00000098c4f00000,0x00000098c5000000)]
  0x000001fca0f6f000 JavaThread "jar transforms Thread 3" [_thread_blocked, id=14052, stack(0x00000098c5000000,0x00000098c5100000)]
  0x000001fca0f72800 JavaThread "jar transforms Thread 4" [_thread_blocked, id=896, stack(0x00000098c5100000,0x00000098c5200000)]
  0x000001fca0f74000 JavaThread "Cache worker for dependencies-accessors (F:\Java Practice\Java SDET\AssignmentOnJUnit\.gradle\8.0\dependencies-accessors)" [_thread_blocked, id=3116, stack(0x00000098c5200000,0x00000098c5300000)]
  0x000001fca0f71800 JavaThread "Cache worker for Build Output Cleanup Cache (F:\Java Practice\Java SDET\AssignmentOnJUnit\.gradle\buildOutputCleanup)" [_thread_blocked, id=10804, stack(0x00000098c5300000,0x00000098c5400000)]
  0x000001fca0f75000 JavaThread "Memory manager" [_thread_blocked, id=14252, stack(0x00000098c5400000,0x00000098c5500000)]
  0x000001fca0f70000 JavaThread "included builds" [_thread_blocked, id=11444, stack(0x00000098c5500000,0x00000098c5600000)]
  0x000001fca0f76800 JavaThread "Execution worker" [_thread_blocked, id=2164, stack(0x00000098c5600000,0x00000098c5700000)]
  0x000001fca0f70800 JavaThread "Execution worker Thread 2" [_thread_blocked, id=14620, stack(0x00000098c5700000,0x00000098c5800000)]
  0x000001fca0f77800 JavaThread "Execution worker Thread 3" [_thread_in_Java, id=5320, stack(0x00000098c5800000,0x00000098c5900000)]
  0x000001fca4015000 JavaThread "Cache worker for execution history cache (F:\Java Practice\Java SDET\AssignmentOnJUnit\.gradle\8.0\executionHistory)" [_thread_blocked, id=2272, stack(0x00000098c5900000,0x00000098c5a00000)]

Other Threads:
  0x000001fc9da3c800 VMThread "VM Thread" [stack: 0x00000098c2a00000,0x00000098c2b00000] [id=4364]
  0x000001fc9e570000 WatcherThread [stack: 0x00000098c3400000,0x00000098c3500000] [id=8628]
  0x000001fc83b91000 GCTaskThread "GC Thread#0" [stack: 0x00000098c2500000,0x00000098c2600000] [id=7872]
  0x000001fc9ec07800 GCTaskThread "GC Thread#1" [stack: 0x00000098c3600000,0x00000098c3700000] [id=2884]
  0x000001fc9e7f8000 GCTaskThread "GC Thread#2" [stack: 0x00000098c3700000,0x00000098c3800000] [id=4140]
  0x000001fc9e896000 GCTaskThread "GC Thread#3" [stack: 0x00000098c3800000,0x00000098c3900000] [id=4628]
  0x000001fc83ba5800 ConcurrentGCThread "G1 Main Marker" [stack: 0x00000098c2600000,0x00000098c2700000] [id=4336]
  0x000001fc83ba7800 ConcurrentGCThread "G1 Conc#0" [stack: 0x00000098c2700000,0x00000098c2800000] [id=5580]
  0x000001fc83c5d800 ConcurrentGCThread "G1 Refine#0" [stack: 0x00000098c2800000,0x00000098c2900000] [id=5076]
  0x000001fc83c5e800 ConcurrentGCThread "G1 Young RemSet Sampling" [stack: 0x00000098c2900000,0x00000098c2a00000] [id=13492]

Threads with active compile tasks:
C2 CompilerThread0    11554 4913       4       groovy.lang.MetaClassImpl$1MOPIter::methodNameAction (325 bytes)
C2 CompilerThread1    11554 4909       4       java.lang.Class::getMethodsRecursive (99 bytes)

VM state:not at safepoint (normal execution)

VM Mutex/Monitor currently owned by a thread:  ([mutex/lock_event])
[0x000001fc83b77ef0] SystemDictionary_lock - owner thread: 0x0000000000000000

Heap address: 0x00000000e0000000, size: 512 MB, Compressed Oops mode: 32-bit
Narrow klass base: 0x0000000000000000, Narrow klass shift: 3
Compressed class space size: 260046848 Address: 0x0000000100000000

Heap:
 garbage-first heap   total 262144K, used 143584K [0x00000000e0000000, 0x0000000100000000)
  region size 1024K, 127 young (130048K), 17 survivors (17408K)
 Metaspace       used 54397K, capacity 56201K, committed 56368K, reserved 303104K
  class space    used 7255K, capacity 7984K, committed 8064K, reserved 253952K
Heap Regions: E=young(eden), S=young(survivor), O=old, HS=humongous(starts), HC=humongous(continues), CS=collection set, F=free, A=archive, TAMS=top-at-mark-start (previous, next)
|   0|0x00000000e0000000, 0x00000000e0100000, 0x00000000e0100000|100%|HS|  |TAMS 0x00000000e0100000, 0x00000000e0000000| Complete 
|   1|0x00000000e0100000, 0x00000000e0200000, 0x00000000e0200000|100%|HC|  |TAMS 0x00000000e0200000, 0x00000000e0100000| Complete 
|   2|0x00000000e0200000, 0x00000000e0300000, 0x00000000e0300000|100%|HC|  |TAMS 0x00000000e0300000, 0x00000000e0200000| Complete 
|   3|0x00000000e0300000, 0x00000000e0400000, 0x00000000e0400000|100%|HC|  |TAMS 0x00000000e0400000, 0x00000000e0300000| Complete 
|   4|0x00000000e0400000, 0x00000000e0500000, 0x00000000e0500000|100%| O|  |TAMS 0x00000000e0500000, 0x00000000e0400000| Untracked 
|   5|0x00000000e0500000, 0x00000000e0600000, 0x00000000e0600000|100%| O|  |TAMS 0x00000000e0600000, 0x00000000e0500000| Untracked 
|   6|0x00000000e0600000, 0x00000000e0700000, 0x00000000e0700000|100%| O|  |TAMS 0x00000000e0700000, 0x00000000e0600000| Untracked 
|   7|0x00000000e0700000, 0x00000000e0800000, 0x00000000e0800000|100%| O|  |TAMS 0x00000000e0800000, 0x00000000e0700000| Untracked 
|   8|0x00000000e0800000, 0x00000000e0900000, 0x00000000e0900000|100%| O|  |TAMS 0x00000000e0900000, 0x00000000e0800000| Untracked 
|   9|0x00000000e0900000, 0x00000000e0a00000, 0x00000000e0a00000|100%| O|  |TAMS 0x00000000e0a00000, 0x00000000e0900000| Untracked 
|  10|0x00000000e0a00000, 0x00000000e0b00000, 0x00000000e0b00000|100%| O|  |TAMS 0x00000000e0b00000, 0x00000000e0a00000| Untracked 
|  11|0x00000000e0b00000, 0x00000000e0c00000, 0x00000000e0c00000|100%| O|  |TAMS 0x00000000e0c00000, 0x00000000e0b00000| Untracked 
|  12|0x00000000e0c00000, 0x00000000e0d00000, 0x00000000e0d00000|100%| O|  |TAMS 0x00000000e0d00000, 0x00000000e0c00000| Untracked 
|  13|0x00000000e0d00000, 0x00000000e0e00000, 0x00000000e0e00000|100%| O|  |TAMS 0x00000000e0e00000, 0x00000000e0d00000| Untracked 
|  14|0x00000000e0e00000, 0x00000000e0ec2400, 0x00000000e0f00000| 75%| O|  |TAMS 0x00000000e0ec2400, 0x00000000e0e00000| Untracked 
|  15|0x00000000e0f00000, 0x00000000e0f00000, 0x00000000e1000000|  0%| F|  |TAMS 0x00000000e0f00000, 0x00000000e0f00000| Untracked 
|  16|0x00000000e1000000, 0x00000000e1000000, 0x00000000e1100000|  0%| F|  |TAMS 0x00000000e1000000, 0x00000000e1000000| Untracked 
|  17|0x00000000e1100000, 0x00000000e1100000, 0x00000000e1200000|  0%| F|  |TAMS 0x00000000e1100000, 0x00000000e1100000| Untracked 
|  18|0x00000000e1200000, 0x00000000e1200000, 0x00000000e1300000|  0%| F|  |TAMS 0x00000000e1200000, 0x00000000e1200000| Untracked 
|  19|0x00000000e1300000, 0x00000000e1300000, 0x00000000e1400000|  0%| F|  |TAMS 0x00000000e1300000, 0x00000000e1300000| Untracked 
|  20|0x00000000e1400000, 0x00000000e1400000, 0x00000000e1500000|  0%| F|  |TAMS 0x00000000e1400000, 0x00000000e1400000| Untracked 
|  21|0x00000000e1500000, 0x00000000e1500000, 0x00000000e1600000|  0%| F|  |TAMS 0x00000000e1500000, 0x00000000e1500000| Untracked 
|  22|0x00000000e1600000, 0x00000000e1600000, 0x00000000e1700000|  0%| F|  |TAMS 0x00000000e1600000, 0x00000000e1600000| Untracked 
|  23|0x00000000e1700000, 0x00000000e1700000, 0x00000000e1800000|  0%| F|  |TAMS 0x00000000e1700000, 0x00000000e1700000| Untracked 
|  24|0x00000000e1800000, 0x00000000e1800000, 0x00000000e1900000|  0%| F|  |TAMS 0x00000000e1800000, 0x00000000e1800000| Untracked 
|  25|0x00000000e1900000, 0x00000000e1900000, 0x00000000e1a00000|  0%| F|  |TAMS 0x00000000e1900000, 0x00000000e1900000| Untracked 
|  26|0x00000000e1a00000, 0x00000000e1a00000, 0x00000000e1b00000|  0%| F|  |TAMS 0x00000000e1a00000, 0x00000000e1a00000| Untracked 
|  27|0x00000000e1b00000, 0x00000000e1b00000, 0x00000000e1c00000|  0%| F|  |TAMS 0x00000000e1b00000, 0x00000000e1b00000| Untracked 
|  28|0x00000000e1c00000, 0x00000000e1c00000, 0x00000000e1d00000|  0%| F|  |TAMS 0x00000000e1c00000, 0x00000000e1c00000| Untracked 
|  29|0x00000000e1d00000, 0x00000000e1d00000, 0x00000000e1e00000|  0%| F|  |TAMS 0x00000000e1d00000, 0x00000000e1d00000| Untracked 
|  30|0x00000000e1e00000, 0x00000000e1e00000, 0x00000000e1f00000|  0%| F|  |TAMS 0x00000000e1e00000, 0x00000000e1e00000| Untracked 
|  31|0x00000000e1f00000, 0x00000000e1f00000, 0x00000000e2000000|  0%| F|  |TAMS 0x00000000e1f00000, 0x00000000e1f00000| Untracked 
|  32|0x00000000e2000000, 0x00000000e2000000, 0x00000000e2100000|  0%| F|  |TAMS 0x00000000e2000000, 0x00000000e2000000| Untracked 
|  33|0x00000000e2100000, 0x00000000e2100000, 0x00000000e2200000|  0%| F|  |TAMS 0x00000000e2100000, 0x00000000e2100000| Untracked 
|  34|0x00000000e2200000, 0x00000000e2200000, 0x00000000e2300000|  0%| F|  |TAMS 0x00000000e2200000, 0x00000000e2200000| Untracked 
|  35|0x00000000e2300000, 0x00000000e2300000, 0x00000000e2400000|  0%| F|  |TAMS 0x00000000e2300000, 0x00000000e2300000| Untracked 
|  36|0x00000000e2400000, 0x00000000e2400000, 0x00000000e2500000|  0%| F|  |TAMS 0x00000000e2400000, 0x00000000e2400000| Untracked 
|  37|0x00000000e2500000, 0x00000000e2500000, 0x00000000e2600000|  0%| F|  |TAMS 0x00000000e2500000, 0x00000000e2500000| Untracked 
|  38|0x00000000e2600000, 0x00000000e2600000, 0x00000000e2700000|  0%| F|  |TAMS 0x00000000e2600000, 0x00000000e2600000| Untracked 
|  39|0x00000000e2700000, 0x00000000e2700000, 0x00000000e2800000|  0%| F|  |TAMS 0x00000000e2700000, 0x00000000e2700000| Untracked 
|  40|0x00000000e2800000, 0x00000000e2800000, 0x00000000e2900000|  0%| F|  |TAMS 0x00000000e2800000, 0x00000000e2800000| Untracked 
|  41|0x00000000e2900000, 0x00000000e2900000, 0x00000000e2a00000|  0%| F|  |TAMS 0x00000000e2900000, 0x00000000e2900000| Untracked 
|  42|0x00000000e2a00000, 0x00000000e2a00000, 0x00000000e2b00000|  0%| F|  |TAMS 0x00000000e2a00000, 0x00000000e2a00000| Untracked 
|  43|0x00000000e2b00000, 0x00000000e2b00000, 0x00000000e2c00000|  0%| F|  |TAMS 0x00000000e2b00000, 0x00000000e2b00000| Untracked 
|  44|0x00000000e2c00000, 0x00000000e2c00000, 0x00000000e2d00000|  0%| F|  |TAMS 0x00000000e2c00000, 0x00000000e2c00000| Untracked 
|  45|0x00000000e2d00000, 0x00000000e2d00000, 0x00000000e2e00000|  0%| F|  |TAMS 0x00000000e2d00000, 0x00000000e2d00000| Untracked 
|  46|0x00000000e2e00000, 0x00000000e2e00000, 0x00000000e2f00000|  0%| F|  |TAMS 0x00000000e2e00000, 0x00000000e2e00000| Untracked 
|  47|0x00000000e2f00000, 0x00000000e2f00000, 0x00000000e3000000|  0%| F|  |TAMS 0x00000000e2f00000, 0x00000000e2f00000| Untracked 
|  48|0x00000000e3000000, 0x00000000e3000000, 0x00000000e3100000|  0%| F|  |TAMS 0x00000000e3000000, 0x00000000e3000000| Untracked 
|  49|0x00000000e3100000, 0x00000000e3100000, 0x00000000e3200000|  0%| F|  |TAMS 0x00000000e3100000, 0x00000000e3100000| Untracked 
|  50|0x00000000e3200000, 0x00000000e3200000, 0x00000000e3300000|  0%| F|  |TAMS 0x00000000e3200000, 0x00000000e3200000| Untracked 
|  51|0x00000000e3300000, 0x00000000e3300000, 0x00000000e3400000|  0%| F|  |TAMS 0x00000000e3300000, 0x00000000e3300000| Untracked 
|  52|0x00000000e3400000, 0x00000000e3400000, 0x00000000e3500000|  0%| F|  |TAMS 0x00000000e3400000, 0x00000000e3400000| Untracked 
|  53|0x00000000e3500000, 0x00000000e3500000, 0x00000000e3600000|  0%| F|  |TAMS 0x00000000e3500000, 0x00000000e3500000| Untracked 
|  54|0x00000000e3600000, 0x00000000e3600000, 0x00000000e3700000|  0%| F|  |TAMS 0x00000000e3600000, 0x00000000e3600000| Untracked 
|  55|0x00000000e3700000, 0x00000000e3700000, 0x00000000e3800000|  0%| F|  |TAMS 0x00000000e3700000, 0x00000000e3700000| Untracked 
|  56|0x00000000e3800000, 0x00000000e3800000, 0x00000000e3900000|  0%| F|  |TAMS 0x00000000e3800000, 0x00000000e3800000| Untracked 
|  57|0x00000000e3900000, 0x00000000e3900000, 0x00000000e3a00000|  0%| F|  |TAMS 0x00000000e3900000, 0x00000000e3900000| Untracked 
|  58|0x00000000e3a00000, 0x00000000e3a00000, 0x00000000e3b00000|  0%| F|  |TAMS 0x00000000e3a00000, 0x00000000e3a00000| Untracked 
|  59|0x00000000e3b00000, 0x00000000e3b00000, 0x00000000e3c00000|  0%| F|  |TAMS 0x00000000e3b00000, 0x00000000e3b00000| Untracked 
|  60|0x00000000e3c00000, 0x00000000e3c00000, 0x00000000e3d00000|  0%| F|  |TAMS 0x00000000e3c00000, 0x00000000e3c00000| Untracked 
|  61|0x00000000e3d00000, 0x00000000e3d00000, 0x00000000e3e00000|  0%| F|  |TAMS 0x00000000e3d00000, 0x00000000e3d00000| Untracked 
|  62|0x00000000e3e00000, 0x00000000e3e00000, 0x00000000e3f00000|  0%| F|  |TAMS 0x00000000e3e00000, 0x00000000e3e00000| Untracked 
|  63|0x00000000e3f00000, 0x00000000e3f00000, 0x00000000e4000000|  0%| F|  |TAMS 0x00000000e3f00000, 0x00000000e3f00000| Untracked 
|  64|0x00000000e4000000, 0x00000000e4000000, 0x00000000e4100000|  0%| F|  |TAMS 0x00000000e4000000, 0x00000000e4000000| Untracked 
|  65|0x00000000e4100000, 0x00000000e4100000, 0x00000000e4200000|  0%| F|  |TAMS 0x00000000e4100000, 0x00000000e4100000| Untracked 
|  66|0x00000000e4200000, 0x00000000e4200000, 0x00000000e4300000|  0%| F|  |TAMS 0x00000000e4200000, 0x00000000e4200000| Untracked 
|  67|0x00000000e4300000, 0x00000000e4300000, 0x00000000e4400000|  0%| F|  |TAMS 0x00000000e4300000, 0x00000000e4300000| Untracked 
|  68|0x00000000e4400000, 0x00000000e4400000, 0x00000000e4500000|  0%| F|  |TAMS 0x00000000e4400000, 0x00000000e4400000| Untracked 
|  69|0x00000000e4500000, 0x00000000e4500000, 0x00000000e4600000|  0%| F|  |TAMS 0x00000000e4500000, 0x00000000e4500000| Untracked 
|  70|0x00000000e4600000, 0x00000000e4600000, 0x00000000e4700000|  0%| F|  |TAMS 0x00000000e4600000, 0x00000000e4600000| Untracked 
|  71|0x00000000e4700000, 0x00000000e4700000, 0x00000000e4800000|  0%| F|  |TAMS 0x00000000e4700000, 0x00000000e4700000| Untracked 
|  72|0x00000000e4800000, 0x00000000e4800000, 0x00000000e4900000|  0%| F|  |TAMS 0x00000000e4800000, 0x00000000e4800000| Untracked 
|  73|0x00000000e4900000, 0x00000000e4900000, 0x00000000e4a00000|  0%| F|  |TAMS 0x00000000e4900000, 0x00000000e4900000| Untracked 
|  74|0x00000000e4a00000, 0x00000000e4a00000, 0x00000000e4b00000|  0%| F|  |TAMS 0x00000000e4a00000, 0x00000000e4a00000| Untracked 
|  75|0x00000000e4b00000, 0x00000000e4b00000, 0x00000000e4c00000|  0%| F|  |TAMS 0x00000000e4b00000, 0x00000000e4b00000| Untracked 
|  76|0x00000000e4c00000, 0x00000000e4c00000, 0x00000000e4d00000|  0%| F|  |TAMS 0x00000000e4c00000, 0x00000000e4c00000| Untracked 
|  77|0x00000000e4d00000, 0x00000000e4d00000, 0x00000000e4e00000|  0%| F|  |TAMS 0x00000000e4d00000, 0x00000000e4d00000| Untracked 
|  78|0x00000000e4e00000, 0x00000000e4e00000, 0x00000000e4f00000|  0%| F|  |TAMS 0x00000000e4e00000, 0x00000000e4e00000| Untracked 
|  79|0x00000000e4f00000, 0x00000000e4f00000, 0x00000000e5000000|  0%| F|  |TAMS 0x00000000e4f00000, 0x00000000e4f00000| Untracked 
|  80|0x00000000e5000000, 0x00000000e5000000, 0x00000000e5100000|  0%| F|  |TAMS 0x00000000e5000000, 0x00000000e5000000| Untracked 
|  81|0x00000000e5100000, 0x00000000e5100000, 0x00000000e5200000|  0%| F|  |TAMS 0x00000000e5100000, 0x00000000e5100000| Untracked 
|  82|0x00000000e5200000, 0x00000000e5200000, 0x00000000e5300000|  0%| F|  |TAMS 0x00000000e5200000, 0x00000000e5200000| Untracked 
|  83|0x00000000e5300000, 0x00000000e5300000, 0x00000000e5400000|  0%| F|  |TAMS 0x00000000e5300000, 0x00000000e5300000| Untracked 
|  84|0x00000000e5400000, 0x00000000e5400000, 0x00000000e5500000|  0%| F|  |TAMS 0x00000000e5400000, 0x00000000e5400000| Untracked 
|  85|0x00000000e5500000, 0x00000000e5500000, 0x00000000e5600000|  0%| F|  |TAMS 0x00000000e5500000, 0x00000000e5500000| Untracked 
|  86|0x00000000e5600000, 0x00000000e5600000, 0x00000000e5700000|  0%| F|  |TAMS 0x00000000e5600000, 0x00000000e5600000| Untracked 
|  87|0x00000000e5700000, 0x00000000e5700000, 0x00000000e5800000|  0%| F|  |TAMS 0x00000000e5700000, 0x00000000e5700000| Untracked 
|  88|0x00000000e5800000, 0x00000000e5800000, 0x00000000e5900000|  0%| F|  |TAMS 0x00000000e5800000, 0x00000000e5800000| Untracked 
|  89|0x00000000e5900000, 0x00000000e5900000, 0x00000000e5a00000|  0%| F|  |TAMS 0x00000000e5900000, 0x00000000e5900000| Untracked 
|  90|0x00000000e5a00000, 0x00000000e5a00000, 0x00000000e5b00000|  0%| F|  |TAMS 0x00000000e5a00000, 0x00000000e5a00000| Untracked 
|  91|0x00000000e5b00000, 0x00000000e5b00000, 0x00000000e5c00000|  0%| F|  |TAMS 0x00000000e5b00000, 0x00000000e5b00000| Untracked 
|  92|0x00000000e5c00000, 0x00000000e5c00000, 0x00000000e5d00000|  0%| F|  |TAMS 0x00000000e5c00000, 0x00000000e5c00000| Untracked 
|  93|0x00000000e5d00000, 0x00000000e5d00000, 0x00000000e5e00000|  0%| F|  |TAMS 0x00000000e5d00000, 0x00000000e5d00000| Untracked 
|  94|0x00000000e5e00000, 0x00000000e5e00000, 0x00000000e5f00000|  0%| F|  |TAMS 0x00000000e5e00000, 0x00000000e5e00000| Untracked 
|  95|0x00000000e5f00000, 0x00000000e5f00000, 0x00000000e6000000|  0%| F|  |TAMS 0x00000000e5f00000, 0x00000000e5f00000| Untracked 
|  96|0x00000000e6000000, 0x00000000e6000000, 0x00000000e6100000|  0%| F|  |TAMS 0x00000000e6000000, 0x00000000e6000000| Untracked 
|  97|0x00000000e6100000, 0x00000000e6100000, 0x00000000e6200000|  0%| F|  |TAMS 0x00000000e6100000, 0x00000000e6100000| Untracked 
|  98|0x00000000e6200000, 0x00000000e6200000, 0x00000000e6300000|  0%| F|  |TAMS 0x00000000e6200000, 0x00000000e6200000| Untracked 
|  99|0x00000000e6300000, 0x00000000e6300000, 0x00000000e6400000|  0%| F|  |TAMS 0x00000000e6300000, 0x00000000e6300000| Untracked 
| 100|0x00000000e6400000, 0x00000000e6400000, 0x00000000e6500000|  0%| F|  |TAMS 0x00000000e6400000, 0x00000000e6400000| Untracked 
| 101|0x00000000e6500000, 0x00000000e6500000, 0x00000000e6600000|  0%| F|  |TAMS 0x00000000e6500000, 0x00000000e6500000| Untracked 
| 102|0x00000000e6600000, 0x00000000e6600000, 0x00000000e6700000|  0%| F|  |TAMS 0x00000000e6600000, 0x00000000e6600000| Untracked 
| 103|0x00000000e6700000, 0x00000000e6700000, 0x00000000e6800000|  0%| F|  |TAMS 0x00000000e6700000, 0x00000000e6700000| Untracked 
| 104|0x00000000e6800000, 0x00000000e6875f80, 0x00000000e6900000| 46%| S|CS|TAMS 0x00000000e6800000, 0x00000000e6800000| Complete 
| 105|0x00000000e6900000, 0x00000000e6a00000, 0x00000000e6a00000|100%| S|CS|TAMS 0x00000000e6900000, 0x00000000e6900000| Complete 
| 106|0x00000000e6a00000, 0x00000000e6b00000, 0x00000000e6b00000|100%| S|CS|TAMS 0x00000000e6a00000, 0x00000000e6a00000| Complete 
| 107|0x00000000e6b00000, 0x00000000e6c00000, 0x00000000e6c00000|100%| S|CS|TAMS 0x00000000e6b00000, 0x00000000e6b00000| Complete 
| 108|0x00000000e6c00000, 0x00000000e6d00000, 0x00000000e6d00000|100%| S|CS|TAMS 0x00000000e6c00000, 0x00000000e6c00000| Complete 
| 109|0x00000000e6d00000, 0x00000000e6e00000, 0x00000000e6e00000|100%| S|CS|TAMS 0x00000000e6d00000, 0x00000000e6d00000| Complete 
| 110|0x00000000e6e00000, 0x00000000e6f00000, 0x00000000e6f00000|100%| S|CS|TAMS 0x00000000e6e00000, 0x00000000e6e00000| Complete 
| 111|0x00000000e6f00000, 0x00000000e7000000, 0x00000000e7000000|100%| S|CS|TAMS 0x00000000e6f00000, 0x00000000e6f00000| Complete 
| 112|0x00000000e7000000, 0x00000000e7100000, 0x00000000e7100000|100%| S|CS|TAMS 0x00000000e7000000, 0x00000000e7000000| Complete 
| 113|0x00000000e7100000, 0x00000000e7200000, 0x00000000e7200000|100%| S|CS|TAMS 0x00000000e7100000, 0x00000000e7100000| Complete 
| 114|0x00000000e7200000, 0x00000000e7300000, 0x00000000e7300000|100%| S|CS|TAMS 0x00000000e7200000, 0x00000000e7200000| Complete 
| 115|0x00000000e7300000, 0x00000000e7400000, 0x00000000e7400000|100%| S|CS|TAMS 0x00000000e7300000, 0x00000000e7300000| Complete 
| 116|0x00000000e7400000, 0x00000000e7500000, 0x00000000e7500000|100%| S|CS|TAMS 0x00000000e7400000, 0x00000000e7400000| Complete 
| 117|0x00000000e7500000, 0x00000000e7600000, 0x00000000e7600000|100%| S|CS|TAMS 0x00000000e7500000, 0x00000000e7500000| Complete 
| 118|0x00000000e7600000, 0x00000000e7700000, 0x00000000e7700000|100%| S|CS|TAMS 0x00000000e7600000, 0x00000000e7600000| Complete 
| 119|0x00000000e7700000, 0x00000000e7800000, 0x00000000e7800000|100%| S|CS|TAMS 0x00000000e7700000, 0x00000000e7700000| Complete 
| 120|0x00000000e7800000, 0x00000000e7900000, 0x00000000e7900000|100%| S|CS|TAMS 0x00000000e7800000, 0x00000000e7800000| Complete 
| 121|0x00000000e7900000, 0x00000000e7900000, 0x00000000e7a00000|  0%| F|  |TAMS 0x00000000e7900000, 0x00000000e7900000| Untracked 
| 122|0x00000000e7a00000, 0x00000000e7a00000, 0x00000000e7b00000|  0%| F|  |TAMS 0x00000000e7a00000, 0x00000000e7a00000| Untracked 
| 123|0x00000000e7b00000, 0x00000000e7b00000, 0x00000000e7c00000|  0%| F|  |TAMS 0x00000000e7b00000, 0x00000000e7b00000| Untracked 
| 124|0x00000000e7c00000, 0x00000000e7c00000, 0x00000000e7d00000|  0%| F|  |TAMS 0x00000000e7c00000, 0x00000000e7c00000| Untracked 
| 125|0x00000000e7d00000, 0x00000000e7d00000, 0x00000000e7e00000|  0%| F|  |TAMS 0x00000000e7d00000, 0x00000000e7d00000| Untracked 
| 126|0x00000000e7e00000, 0x00000000e7e00000, 0x00000000e7f00000|  0%| F|  |TAMS 0x00000000e7e00000, 0x00000000e7e00000| Untracked 
| 127|0x00000000e7f00000, 0x00000000e7f00000, 0x00000000e8000000|  0%| F|  |TAMS 0x00000000e7f00000, 0x00000000e7f00000| Untracked 
| 128|0x00000000e8000000, 0x00000000e8000000, 0x00000000e8100000|  0%| F|  |TAMS 0x00000000e8000000, 0x00000000e8000000| Untracked 
| 129|0x00000000e8100000, 0x00000000e8100000, 0x00000000e8200000|  0%| F|  |TAMS 0x00000000e8100000, 0x00000000e8100000| Untracked 
| 130|0x00000000e8200000, 0x00000000e8200000, 0x00000000e8300000|  0%| F|  |TAMS 0x00000000e8200000, 0x00000000e8200000| Untracked 
| 131|0x00000000e8300000, 0x00000000e8300000, 0x00000000e8400000|  0%| F|  |TAMS 0x00000000e8300000, 0x00000000e8300000| Untracked 
| 132|0x00000000e8400000, 0x00000000e8400000, 0x00000000e8500000|  0%| F|  |TAMS 0x00000000e8400000, 0x00000000e8400000| Untracked 
| 133|0x00000000e8500000, 0x00000000e8500000, 0x00000000e8600000|  0%| F|  |TAMS 0x00000000e8500000, 0x00000000e8500000| Untracked 
| 134|0x00000000e8600000, 0x00000000e8600000, 0x00000000e8700000|  0%| F|  |TAMS 0x00000000e8600000, 0x00000000e8600000| Untracked 
| 135|0x00000000e8700000, 0x00000000e8700000, 0x00000000e8800000|  0%| F|  |TAMS 0x00000000e8700000, 0x00000000e8700000| Untracked 
| 136|0x00000000e8800000, 0x00000000e8800000, 0x00000000e8900000|  0%| F|  |TAMS 0x00000000e8800000, 0x00000000e8800000| Untracked 
| 137|0x00000000e8900000, 0x00000000e8900000, 0x00000000e8a00000|  0%| F|  |TAMS 0x00000000e8900000, 0x00000000e8900000| Untracked 
| 138|0x00000000e8a00000, 0x00000000e8a00000, 0x00000000e8b00000|  0%| F|  |TAMS 0x00000000e8a00000, 0x00000000e8a00000| Untracked 
| 139|0x00000000e8b00000, 0x00000000e8b00000, 0x00000000e8c00000|  0%| F|  |TAMS 0x00000000e8b00000, 0x00000000e8b00000| Untracked 
| 140|0x00000000e8c00000, 0x00000000e8c00000, 0x00000000e8d00000|  0%| F|  |TAMS 0x00000000e8c00000, 0x00000000e8c00000| Untracked 
| 141|0x00000000e8d00000, 0x00000000e8d00000, 0x00000000e8e00000|  0%| F|  |TAMS 0x00000000e8d00000, 0x00000000e8d00000| Untracked 
| 142|0x00000000e8e00000, 0x00000000e8e00000, 0x00000000e8f00000|  0%| F|  |TAMS 0x00000000e8e00000, 0x00000000e8e00000| Untracked 
| 143|0x00000000e8f00000, 0x00000000e8f00000, 0x00000000e9000000|  0%| F|  |TAMS 0x00000000e8f00000, 0x00000000e8f00000| Untracked 
| 144|0x00000000e9000000, 0x00000000e9000000, 0x00000000e9100000|  0%| F|  |TAMS 0x00000000e9000000, 0x00000000e9000000| Untracked 
| 145|0x00000000e9100000, 0x00000000e9100000, 0x00000000e9200000|  0%| F|  |TAMS 0x00000000e9100000, 0x00000000e9100000| Untracked 
| 146|0x00000000e9200000, 0x00000000e9300000, 0x00000000e9300000|100%| E|  |TAMS 0x00000000e9200000, 0x00000000e9200000| Complete 
| 147|0x00000000e9300000, 0x00000000e9400000, 0x00000000e9400000|100%| E|CS|TAMS 0x00000000e9300000, 0x00000000e9300000| Complete 
| 148|0x00000000e9400000, 0x00000000e9500000, 0x00000000e9500000|100%| E|CS|TAMS 0x00000000e9400000, 0x00000000e9400000| Complete 
| 149|0x00000000e9500000, 0x00000000e9600000, 0x00000000e9600000|100%| E|CS|TAMS 0x00000000e9500000, 0x00000000e9500000| Complete 
| 150|0x00000000e9600000, 0x00000000e9700000, 0x00000000e9700000|100%| E|CS|TAMS 0x00000000e9600000, 0x00000000e9600000| Complete 
| 151|0x00000000e9700000, 0x00000000e9800000, 0x00000000e9800000|100%| E|CS|TAMS 0x00000000e9700000, 0x00000000e9700000| Complete 
| 152|0x00000000e9800000, 0x00000000e9900000, 0x00000000e9900000|100%| E|CS|TAMS 0x00000000e9800000, 0x00000000e9800000| Complete 
| 153|0x00000000e9900000, 0x00000000e9a00000, 0x00000000e9a00000|100%| E|CS|TAMS 0x00000000e9900000, 0x00000000e9900000| Complete 
| 154|0x00000000e9a00000, 0x00000000e9b00000, 0x00000000e9b00000|100%| E|CS|TAMS 0x00000000e9a00000, 0x00000000e9a00000| Complete 
| 155|0x00000000e9b00000, 0x00000000e9c00000, 0x00000000e9c00000|100%| E|CS|TAMS 0x00000000e9b00000, 0x00000000e9b00000| Complete 
| 156|0x00000000e9c00000, 0x00000000e9d00000, 0x00000000e9d00000|100%| E|CS|TAMS 0x00000000e9c00000, 0x00000000e9c00000| Complete 
| 157|0x00000000e9d00000, 0x00000000e9e00000, 0x00000000e9e00000|100%| E|CS|TAMS 0x00000000e9d00000, 0x00000000e9d00000| Complete 
| 158|0x00000000e9e00000, 0x00000000e9f00000, 0x00000000e9f00000|100%| E|CS|TAMS 0x00000000e9e00000, 0x00000000e9e00000| Complete 
| 159|0x00000000e9f00000, 0x00000000ea000000, 0x00000000ea000000|100%| E|CS|TAMS 0x00000000e9f00000, 0x00000000e9f00000| Complete 
| 160|0x00000000ea000000, 0x00000000ea100000, 0x00000000ea100000|100%| E|CS|TAMS 0x00000000ea000000, 0x00000000ea000000| Complete 
| 161|0x00000000ea100000, 0x00000000ea200000, 0x00000000ea200000|100%| E|CS|TAMS 0x00000000ea100000, 0x00000000ea100000| Complete 
| 162|0x00000000ea200000, 0x00000000ea300000, 0x00000000ea300000|100%| E|CS|TAMS 0x00000000ea200000, 0x00000000ea200000| Complete 
| 163|0x00000000ea300000, 0x00000000ea400000, 0x00000000ea400000|100%| E|CS|TAMS 0x00000000ea300000, 0x00000000ea300000| Complete 
| 164|0x00000000ea400000, 0x00000000ea500000, 0x00000000ea500000|100%| E|CS|TAMS 0x00000000ea400000, 0x00000000ea400000| Complete 
| 165|0x00000000ea500000, 0x00000000ea600000, 0x00000000ea600000|100%| E|CS|TAMS 0x00000000ea500000, 0x00000000ea500000| Complete 
| 166|0x00000000ea600000, 0x00000000ea700000, 0x00000000ea700000|100%| E|CS|TAMS 0x00000000ea600000, 0x00000000ea600000| Complete 
| 167|0x00000000ea700000, 0x00000000ea800000, 0x00000000ea800000|100%| E|CS|TAMS 0x00000000ea700000, 0x00000000ea700000| Complete 
| 168|0x00000000ea800000, 0x00000000ea900000, 0x00000000ea900000|100%| E|CS|TAMS 0x00000000ea800000, 0x00000000ea800000| Complete 
| 169|0x00000000ea900000, 0x00000000eaa00000, 0x00000000eaa00000|100%| E|CS|TAMS 0x00000000ea900000, 0x00000000ea900000| Complete 
| 170|0x00000000eaa00000, 0x00000000eab00000, 0x00000000eab00000|100%| E|CS|TAMS 0x00000000eaa00000, 0x00000000eaa00000| Complete 
| 171|0x00000000eab00000, 0x00000000eac00000, 0x00000000eac00000|100%| E|CS|TAMS 0x00000000eab00000, 0x00000000eab00000| Complete 
| 172|0x00000000eac00000, 0x00000000ead00000, 0x00000000ead00000|100%| E|CS|TAMS 0x00000000eac00000, 0x00000000eac00000| Complete 
| 173|0x00000000ead00000, 0x00000000eae00000, 0x00000000eae00000|100%| E|CS|TAMS 0x00000000ead00000, 0x00000000ead00000| Complete 
| 174|0x00000000eae00000, 0x00000000eaf00000, 0x00000000eaf00000|100%| E|CS|TAMS 0x00000000eae00000, 0x00000000eae00000| Complete 
| 175|0x00000000eaf00000, 0x00000000eb000000, 0x00000000eb000000|100%| E|CS|TAMS 0x00000000eaf00000, 0x00000000eaf00000| Complete 
| 176|0x00000000eb000000, 0x00000000eb100000, 0x00000000eb100000|100%| E|CS|TAMS 0x00000000eb000000, 0x00000000eb000000| Complete 
| 177|0x00000000eb100000, 0x00000000eb200000, 0x00000000eb200000|100%| E|CS|TAMS 0x00000000eb100000, 0x00000000eb100000| Complete 
| 178|0x00000000eb200000, 0x00000000eb300000, 0x00000000eb300000|100%| E|CS|TAMS 0x00000000eb200000, 0x00000000eb200000| Complete 
| 179|0x00000000eb300000, 0x00000000eb400000, 0x00000000eb400000|100%| E|CS|TAMS 0x00000000eb300000, 0x00000000eb300000| Complete 
| 180|0x00000000eb400000, 0x00000000eb500000, 0x00000000eb500000|100%| E|CS|TAMS 0x00000000eb400000, 0x00000000eb400000| Complete 
| 181|0x00000000eb500000, 0x00000000eb600000, 0x00000000eb600000|100%| E|CS|TAMS 0x00000000eb500000, 0x00000000eb500000| Complete 
| 182|0x00000000eb600000, 0x00000000eb700000, 0x00000000eb700000|100%| E|CS|TAMS 0x00000000eb600000, 0x00000000eb600000| Complete 
| 183|0x00000000eb700000, 0x00000000eb800000, 0x00000000eb800000|100%| E|CS|TAMS 0x00000000eb700000, 0x00000000eb700000| Complete 
| 184|0x00000000eb800000, 0x00000000eb900000, 0x00000000eb900000|100%| E|CS|TAMS 0x00000000eb800000, 0x00000000eb800000| Complete 
| 185|0x00000000eb900000, 0x00000000eba00000, 0x00000000eba00000|100%| E|CS|TAMS 0x00000000eb900000, 0x00000000eb900000| Complete 
| 186|0x00000000eba00000, 0x00000000ebb00000, 0x00000000ebb00000|100%| E|CS|TAMS 0x00000000eba00000, 0x00000000eba00000| Complete 
| 187|0x00000000ebb00000, 0x00000000ebc00000, 0x00000000ebc00000|100%| E|CS|TAMS 0x00000000ebb00000, 0x00000000ebb00000| Complete 
| 188|0x00000000ebc00000, 0x00000000ebd00000, 0x00000000ebd00000|100%| E|CS|TAMS 0x00000000ebc00000, 0x00000000ebc00000| Complete 
| 189|0x00000000ebd00000, 0x00000000ebe00000, 0x00000000ebe00000|100%| E|CS|TAMS 0x00000000ebd00000, 0x00000000ebd00000| Complete 
| 190|0x00000000ebe00000, 0x00000000ebf00000, 0x00000000ebf00000|100%| E|CS|TAMS 0x00000000ebe00000, 0x00000000ebe00000| Complete 
| 191|0x00000000ebf00000, 0x00000000ec000000, 0x00000000ec000000|100%| E|CS|TAMS 0x00000000ebf00000, 0x00000000ebf00000| Complete 
| 192|0x00000000ec000000, 0x00000000ec100000, 0x00000000ec100000|100%| E|CS|TAMS 0x00000000ec000000, 0x00000000ec000000| Complete 
| 193|0x00000000ec100000, 0x00000000ec200000, 0x00000000ec200000|100%| E|CS|TAMS 0x00000000ec100000, 0x00000000ec100000| Complete 
| 194|0x00000000ec200000, 0x00000000ec300000, 0x00000000ec300000|100%| E|CS|TAMS 0x00000000ec200000, 0x00000000ec200000| Complete 
| 195|0x00000000ec300000, 0x00000000ec400000, 0x00000000ec400000|100%| E|CS|TAMS 0x00000000ec300000, 0x00000000ec300000| Complete 
| 196|0x00000000ec400000, 0x00000000ec500000, 0x00000000ec500000|100%| E|CS|TAMS 0x00000000ec400000, 0x00000000ec400000| Complete 
| 197|0x00000000ec500000, 0x00000000ec600000, 0x00000000ec600000|100%| E|CS|TAMS 0x00000000ec500000, 0x00000000ec500000| Complete 
| 198|0x00000000ec600000, 0x00000000ec700000, 0x00000000ec700000|100%| E|CS|TAMS 0x00000000ec600000, 0x00000000ec600000| Complete 
| 199|0x00000000ec700000, 0x00000000ec800000, 0x00000000ec800000|100%| E|CS|TAMS 0x00000000ec700000, 0x00000000ec700000| Complete 
| 200|0x00000000ec800000, 0x00000000ec900000, 0x00000000ec900000|100%| E|CS|TAMS 0x00000000ec800000, 0x00000000ec800000| Complete 
| 201|0x00000000ec900000, 0x00000000eca00000, 0x00000000eca00000|100%| E|CS|TAMS 0x00000000ec900000, 0x00000000ec900000| Complete 
| 202|0x00000000eca00000, 0x00000000ecb00000, 0x00000000ecb00000|100%| E|CS|TAMS 0x00000000eca00000, 0x00000000eca00000| Complete 
| 203|0x00000000ecb00000, 0x00000000ecc00000, 0x00000000ecc00000|100%| E|CS|TAMS 0x00000000ecb00000, 0x00000000ecb00000| Complete 
| 204|0x00000000ecc00000, 0x00000000ecd00000, 0x00000000ecd00000|100%| E|CS|TAMS 0x00000000ecc00000, 0x00000000ecc00000| Complete 
| 205|0x00000000ecd00000, 0x00000000ece00000, 0x00000000ece00000|100%| E|CS|TAMS 0x00000000ecd00000, 0x00000000ecd00000| Complete 
| 206|0x00000000ece00000, 0x00000000ecf00000, 0x00000000ecf00000|100%| E|CS|TAMS 0x00000000ece00000, 0x00000000ece00000| Complete 
| 207|0x00000000ecf00000, 0x00000000ed000000, 0x00000000ed000000|100%| E|CS|TAMS 0x00000000ecf00000, 0x00000000ecf00000| Complete 
| 208|0x00000000ed000000, 0x00000000ed100000, 0x00000000ed100000|100%| E|CS|TAMS 0x00000000ed000000, 0x00000000ed000000| Complete 
| 209|0x00000000ed100000, 0x00000000ed200000, 0x00000000ed200000|100%| E|CS|TAMS 0x00000000ed100000, 0x00000000ed100000| Complete 
| 210|0x00000000ed200000, 0x00000000ed300000, 0x00000000ed300000|100%| E|CS|TAMS 0x00000000ed200000, 0x00000000ed200000| Complete 
| 211|0x00000000ed300000, 0x00000000ed400000, 0x00000000ed400000|100%| E|CS|TAMS 0x00000000ed300000, 0x00000000ed300000| Complete 
| 212|0x00000000ed400000, 0x00000000ed500000, 0x00000000ed500000|100%| E|CS|TAMS 0x00000000ed400000, 0x00000000ed400000| Complete 
| 213|0x00000000ed500000, 0x00000000ed600000, 0x00000000ed600000|100%| E|CS|TAMS 0x00000000ed500000, 0x00000000ed500000| Complete 
| 214|0x00000000ed600000, 0x00000000ed700000, 0x00000000ed700000|100%| E|CS|TAMS 0x00000000ed600000, 0x00000000ed600000| Complete 
| 215|0x00000000ed700000, 0x00000000ed800000, 0x00000000ed800000|100%| E|CS|TAMS 0x00000000ed700000, 0x00000000ed700000| Complete 
| 216|0x00000000ed800000, 0x00000000ed900000, 0x00000000ed900000|100%| E|CS|TAMS 0x00000000ed800000, 0x00000000ed800000| Complete 
| 217|0x00000000ed900000, 0x00000000eda00000, 0x00000000eda00000|100%| E|CS|TAMS 0x00000000ed900000, 0x00000000ed900000| Complete 
| 218|0x00000000eda00000, 0x00000000edb00000, 0x00000000edb00000|100%| E|CS|TAMS 0x00000000eda00000, 0x00000000eda00000| Complete 
| 219|0x00000000edb00000, 0x00000000edc00000, 0x00000000edc00000|100%| E|CS|TAMS 0x00000000edb00000, 0x00000000edb00000| Complete 
| 220|0x00000000edc00000, 0x00000000edd00000, 0x00000000edd00000|100%| E|CS|TAMS 0x00000000edc00000, 0x00000000edc00000| Complete 
| 221|0x00000000edd00000, 0x00000000ede00000, 0x00000000ede00000|100%| E|CS|TAMS 0x00000000edd00000, 0x00000000edd00000| Complete 
| 222|0x00000000ede00000, 0x00000000edf00000, 0x00000000edf00000|100%| E|CS|TAMS 0x00000000ede00000, 0x00000000ede00000| Complete 
| 223|0x00000000edf00000, 0x00000000ee000000, 0x00000000ee000000|100%| E|CS|TAMS 0x00000000edf00000, 0x00000000edf00000| Complete 
| 224|0x00000000ee000000, 0x00000000ee100000, 0x00000000ee100000|100%| E|CS|TAMS 0x00000000ee000000, 0x00000000ee000000| Complete 
| 225|0x00000000ee100000, 0x00000000ee200000, 0x00000000ee200000|100%| E|CS|TAMS 0x00000000ee100000, 0x00000000ee100000| Complete 
| 226|0x00000000ee200000, 0x00000000ee300000, 0x00000000ee300000|100%| E|CS|TAMS 0x00000000ee200000, 0x00000000ee200000| Complete 
| 227|0x00000000ee300000, 0x00000000ee400000, 0x00000000ee400000|100%| E|CS|TAMS 0x00000000ee300000, 0x00000000ee300000| Complete 
| 228|0x00000000ee400000, 0x00000000ee500000, 0x00000000ee500000|100%| E|CS|TAMS 0x00000000ee400000, 0x00000000ee400000| Complete 
| 229|0x00000000ee500000, 0x00000000ee600000, 0x00000000ee600000|100%| E|CS|TAMS 0x00000000ee500000, 0x00000000ee500000| Complete 
| 230|0x00000000ee600000, 0x00000000ee700000, 0x00000000ee700000|100%| E|CS|TAMS 0x00000000ee600000, 0x00000000ee600000| Complete 
| 231|0x00000000ee700000, 0x00000000ee800000, 0x00000000ee800000|100%| E|CS|TAMS 0x00000000ee700000, 0x00000000ee700000| Complete 
| 232|0x00000000ee800000, 0x00000000ee900000, 0x00000000ee900000|100%| E|CS|TAMS 0x00000000ee800000, 0x00000000ee800000| Complete 
| 233|0x00000000ee900000, 0x00000000eea00000, 0x00000000eea00000|100%| E|CS|TAMS 0x00000000ee900000, 0x00000000ee900000| Complete 
| 234|0x00000000eea00000, 0x00000000eeb00000, 0x00000000eeb00000|100%| E|CS|TAMS 0x00000000eea00000, 0x00000000eea00000| Complete 
| 235|0x00000000eeb00000, 0x00000000eec00000, 0x00000000eec00000|100%| E|CS|TAMS 0x00000000eeb00000, 0x00000000eeb00000| Complete 
| 236|0x00000000eec00000, 0x00000000eed00000, 0x00000000eed00000|100%| E|CS|TAMS 0x00000000eec00000, 0x00000000eec00000| Complete 
| 237|0x00000000eed00000, 0x00000000eee00000, 0x00000000eee00000|100%| E|CS|TAMS 0x00000000eed00000, 0x00000000eed00000| Complete 
| 238|0x00000000eee00000, 0x00000000eef00000, 0x00000000eef00000|100%| E|CS|TAMS 0x00000000eee00000, 0x00000000eee00000| Complete 
| 239|0x00000000eef00000, 0x00000000ef000000, 0x00000000ef000000|100%| E|CS|TAMS 0x00000000eef00000, 0x00000000eef00000| Complete 
| 240|0x00000000ef000000, 0x00000000ef100000, 0x00000000ef100000|100%| E|CS|TAMS 0x00000000ef000000, 0x00000000ef000000| Complete 
| 241|0x00000000ef100000, 0x00000000ef200000, 0x00000000ef200000|100%| E|CS|TAMS 0x00000000ef100000, 0x00000000ef100000| Complete 
| 242|0x00000000ef200000, 0x00000000ef300000, 0x00000000ef300000|100%| E|CS|TAMS 0x00000000ef200000, 0x00000000ef200000| Complete 
| 243|0x00000000ef300000, 0x00000000ef400000, 0x00000000ef400000|100%| E|CS|TAMS 0x00000000ef300000, 0x00000000ef300000| Complete 
| 244|0x00000000ef400000, 0x00000000ef500000, 0x00000000ef500000|100%| E|CS|TAMS 0x00000000ef400000, 0x00000000ef400000| Complete 
| 245|0x00000000ef500000, 0x00000000ef600000, 0x00000000ef600000|100%| E|CS|TAMS 0x00000000ef500000, 0x00000000ef500000| Complete 
| 246|0x00000000ef600000, 0x00000000ef700000, 0x00000000ef700000|100%| E|CS|TAMS 0x00000000ef600000, 0x00000000ef600000| Complete 
| 247|0x00000000ef700000, 0x00000000ef800000, 0x00000000ef800000|100%| E|CS|TAMS 0x00000000ef700000, 0x00000000ef700000| Complete 
| 248|0x00000000ef800000, 0x00000000ef900000, 0x00000000ef900000|100%| E|CS|TAMS 0x00000000ef800000, 0x00000000ef800000| Complete 
| 249|0x00000000ef900000, 0x00000000efa00000, 0x00000000efa00000|100%| E|CS|TAMS 0x00000000ef900000, 0x00000000ef900000| Complete 
| 250|0x00000000efa00000, 0x00000000efb00000, 0x00000000efb00000|100%| E|CS|TAMS 0x00000000efa00000, 0x00000000efa00000| Complete 
| 251|0x00000000efb00000, 0x00000000efc00000, 0x00000000efc00000|100%| E|CS|TAMS 0x00000000efb00000, 0x00000000efb00000| Complete 
| 252|0x00000000efc00000, 0x00000000efd00000, 0x00000000efd00000|100%| E|CS|TAMS 0x00000000efc00000, 0x00000000efc00000| Complete 
| 253|0x00000000efd00000, 0x00000000efe00000, 0x00000000efe00000|100%| E|CS|TAMS 0x00000000efd00000, 0x00000000efd00000| Complete 
| 254|0x00000000efe00000, 0x00000000eff00000, 0x00000000eff00000|100%| E|CS|TAMS 0x00000000efe00000, 0x00000000efe00000| Complete 
| 255|0x00000000eff00000, 0x00000000f0000000, 0x00000000f0000000|100%| E|CS|TAMS 0x00000000eff00000, 0x00000000eff00000| Complete 

Card table byte_map: [0x000001fc9a260000,0x000001fc9a360000] _byte_map_base: 0x000001fc99b60000

Marking Bits (Prev, Next): (CMBitMap*) 0x000001fc83ba27c8, (CMBitMap*) 0x000001fc83ba2800
 Prev Bits: [0x000001fc9a460000, 0x000001fc9ac60000)
 Next Bits: [0x000001fc9ac60000, 0x000001fc9b460000)

Polling page: 0x000001fc81b00000

Metaspace:

Usage:
  Non-class:     47.17 MB capacity,    46.09 MB ( 98%) used,   924.92 KB (  2%) free+waste,   181.75 KB ( <1%) overhead. 
      Class:      7.81 MB capacity,     7.10 MB ( 91%) used,   630.11 KB (  8%) free+waste,    92.38 KB (  1%) overhead. 
       Both:     54.98 MB capacity,    53.19 MB ( 97%) used,     1.52 MB (  3%) free+waste,   274.12 KB ( <1%) overhead. 

Virtual space:
  Non-class space:       48.00 MB reserved,      47.42 MB ( 99%) committed 
      Class space:      248.00 MB reserved,       7.88 MB (  3%) committed 
             Both:      296.00 MB reserved,      55.30 MB ( 19%) committed 

Chunk freelists:
   Non-Class:  0 bytes
       Class:  512 bytes
        Both:  512 bytes

CodeHeap 'non-profiled nmethods': size=120064Kb used=3063Kb max_used=3063Kb free=117000Kb
 bounds [0x000001fc92d20000, 0x000001fc93020000, 0x000001fc9a260000]
CodeHeap 'profiled nmethods': size=120000Kb used=10921Kb max_used=10921Kb free=109078Kb
 bounds [0x000001fc8b7f0000, 0x000001fc8c2a0000, 0x000001fc92d20000]
CodeHeap 'non-nmethods': size=5696Kb used=2233Kb max_used=2277Kb free=3462Kb
 bounds [0x000001fc8b260000, 0x000001fc8b4d0000, 0x000001fc8b7f0000]
 total_blobs=5861 nmethods=5051 adapters=720
 compilation: enabled
              stopped_count=0, restarted_count=0
 full_count=0

Compilation events (10 events):
Event: 11.434 Thread 0x000001fc9da90000 5062       2       java.lang.Class::getConstructor0 (83 bytes)
Event: 11.435 Thread 0x000001fc9da90000 nmethod 5062 0x000001fc8c293d10 code [0x000001fc8c293f00, 0x000001fc8c2943a8]
Event: 11.436 Thread 0x000001fc9da90000 5063       2       java.util.Arrays::sort (37 bytes)
Event: 11.436 Thread 0x000001fc9da90000 nmethod 5063 0x000001fc8c294690 code [0x000001fc8c294840, 0x000001fc8c2949d8]
Event: 11.438 Thread 0x000001fc9da90000 5064       2       jdk.internal.reflect.AccessorGenerator::getClassName (184 bytes)
Event: 11.439 Thread 0x000001fc9da90000 nmethod 5064 0x000001fc8c294b10 code [0x000001fc8c294e00, 0x000001fc8c295788]
Event: 11.441 Thread 0x000001fc9da90000 5065       1       java.io.ObjectStreamField::getName (5 bytes)
Event: 11.441 Thread 0x000001fc9da90000 nmethod 5065 0x000001fc93019f10 code [0x000001fc9301a0a0, 0x000001fc9301a158]
Event: 11.444 Thread 0x000001fc9e7a4800 nmethod 4989 0x000001fc9301a210 code [0x000001fc9301a480, 0x000001fc9301c0c0]
Event: 11.444 Thread 0x000001fc9e7a4800 4909       4       java.lang.Class::getMethodsRecursive (99 bytes)

GC Heap History (10 events):
Event: 3.244 GC heap before
{Heap before GC invocations=4 (full 0):
 garbage-first heap   total 262144K, used 22066K [0x00000000e0000000, 0x0000000100000000)
  region size 1024K, 8 young (8192K), 3 survivors (3072K)
 Metaspace       used 20760K, capacity 21176K, committed 21296K, reserved 274432K
  class space    used 2524K, capacity 2688K, committed 2688K, reserved 253952K
}
Event: 3.250 GC heap after
{Heap after GC invocations=5 (full 0):
 garbage-first heap   total 262144K, used 18185K [0x00000000e0000000, 0x0000000100000000)
  region size 1024K, 3 young (3072K), 3 survivors (3072K)
 Metaspace       used 20760K, capacity 21176K, committed 21296K, reserved 274432K
  class space    used 2524K, capacity 2688K, committed 2688K, reserved 253952K
}
Event: 4.125 GC heap before
{Heap before GC invocations=6 (full 0):
 garbage-first heap   total 262144K, used 70409K [0x00000000e0000000, 0x0000000100000000)
  region size 1024K, 54 young (55296K), 3 survivors (3072K)
 Metaspace       used 24897K, capacity 25435K, committed 25648K, reserved 276480K
  class space    used 3237K, capacity 3453K, committed 3456K, reserved 253952K
}
Event: 4.133 GC heap after
{Heap after GC invocations=7 (full 0):
 garbage-first heap   total 262144K, used 19896K [0x00000000e0000000, 0x0000000100000000)
  region size 1024K, 5 young (5120K), 5 survivors (5120K)
 Metaspace       used 24897K, capacity 25435K, committed 25648K, reserved 276480K
  class space    used 3237K, capacity 3453K, committed 3456K, reserved 253952K
}
Event: 5.575 GC heap before
{Heap before GC invocations=7 (full 0):
 garbage-first heap   total 262144K, used 96696K [0x00000000e0000000, 0x0000000100000000)
  region size 1024K, 80 young (81920K), 5 survivors (5120K)
 Metaspace       used 33214K, capacity 34120K, committed 34352K, reserved 284672K
  class space    used 4510K, capacity 4871K, committed 4992K, reserved 253952K
}
Event: 5.587 GC heap after
{Heap after GC invocations=8 (full 0):
 garbage-first heap   total 262144K, used 22678K [0x00000000e0000000, 0x0000000100000000)
  region size 1024K, 8 young (8192K), 8 survivors (8192K)
 Metaspace       used 33214K, capacity 34120K, committed 34352K, reserved 284672K
  class space    used 4510K, capacity 4871K, committed 4992K, reserved 253952K
}
Event: 5.976 GC heap before
{Heap before GC invocations=8 (full 0):
 garbage-first heap   total 262144K, used 28822K [0x00000000e0000000, 0x0000000100000000)
  region size 1024K, 15 young (15360K), 8 survivors (8192K)
 Metaspace       used 34670K, capacity 35541K, committed 35632K, reserved 284672K
  class space    used 4609K, capacity 4961K, committed 4992K, reserved 253952K
}
Event: 5.988 GC heap after
{Heap after GC invocations=9 (full 0):
 garbage-first heap   total 262144K, used 23305K [0x00000000e0000000, 0x0000000100000000)
  region size 1024K, 8 young (8192K), 8 survivors (8192K)
 Metaspace       used 34670K, capacity 35541K, committed 35632K, reserved 284672K
  class space    used 4609K, capacity 4961K, committed 4992K, reserved 253952K
}
Event: 9.518 GC heap before
{Heap before GC invocations=10 (full 0):
 garbage-first heap   total 262144K, used 156425K [0x00000000e0000000, 0x0000000100000000)
  region size 1024K, 135 young (138240K), 8 survivors (8192K)
 Metaspace       used 48359K, capacity 49645K, committed 49840K, reserved 296960K
  class space    used 6302K, capacity 6831K, committed 6912K, reserved 253952K
}
Event: 9.552 GC heap after
{Heap after GC invocations=11 (full 0):
 garbage-first heap   total 262144K, used 31968K [0x00000000e0000000, 0x0000000100000000)
  region size 1024K, 17 young (17408K), 17 survivors (17408K)
 Metaspace       used 48359K, capacity 49645K, committed 49840K, reserved 296960K
  class space    used 6302K, capacity 6831K, committed 6912K, reserved 253952K
}

Deoptimization events (10 events):
Event: 11.136 Thread 0x000001fc9fd1a800 Uncommon trap: reason=class_check action=maybe_recompile pc=0x000001fc92f050c4 method=org.codehaus.groovy.reflection.ParameterTypes.getParametersTypes0()V @ 16 c2
Event: 11.137 Thread 0x000001fc9fd1a800 Uncommon trap: reason=class_check action=maybe_recompile pc=0x000001fc92f050c4 method=org.codehaus.groovy.reflection.ParameterTypes.getParametersTypes0()V @ 16 c2
Event: 11.141 Thread 0x000001fc9fd1a800 Uncommon trap: reason=unstable_if action=reinterpret pc=0x000001fc92fec5d4 method=java.lang.ClassLoader.postDefineClass(Ljava/lang/Class;Ljava/security/ProtectionDomain;)V @ 17 c2
Event: 11.141 Thread 0x000001fc9fd1a800 Uncommon trap: reason=unstable_if action=reinterpret pc=0x000001fc92ff2f68 method=java.lang.ClassLoader.loadClass(Ljava/lang/String;Z)Ljava/lang/Class; @ 29 c2
Event: 11.306 Thread 0x000001fca0f76800 Uncommon trap: reason=unstable_if action=reinterpret pc=0x000001fc92f022d4 method=java.util.concurrent.ConcurrentHashMap.putVal(Ljava/lang/Object;Ljava/lang/Object;Z)Ljava/lang/Object; @ 97 c2
Event: 11.306 Thread 0x000001fca0f76800 Uncommon trap: reason=speculate_null_assert action=make_not_entrant pc=0x000001fc92e81d6c method=java.lang.invoke.MethodType$ConcurrentWeakInternSet.add(Ljava/lang/Object;)Ljava/lang/Object; @ 47 c2
Event: 11.314 Thread 0x000001fca0f77800 Uncommon trap: reason=unstable_if action=reinterpret pc=0x000001fc92ff4be8 method=java.util.HashMap$HashIterator.<init>(Ljava/util/HashMap;)V @ 45 c2
Event: 11.350 Thread 0x000001fca0f70000 Uncommon trap: reason=class_check action=maybe_recompile pc=0x000001fc92e2f2e0 method=java.util.Collections$SetFromMap.remove(Ljava/lang/Object;)Z @ 5 c2
Event: 11.416 Thread 0x000001fca0f77800 Uncommon trap: reason=class_check action=maybe_recompile pc=0x000001fc92feda40 method=java.util.stream.StreamOpFlag.fromCharacteristics(Ljava/util/Spliterator;)I @ 14 c2
Event: 11.446 Thread 0x000001fca0f77800 Uncommon trap: reason=unstable_if action=reinterpret pc=0x000001fc92fa421c method=java.util.Spliterator.getExactSizeIfKnown()J @ 9 c2

Classes redefined (0 events):
No events

Internal exceptions (10 events):
Event: 11.278 Thread 0x000001fc9fd1a800 Exception <a 'java/lang/ClassNotFoundException'{0x00000000e99221f0}: [Ljava/lang/String;Customizer> (0x00000000e99221f0) thrown at [./open/src/hotspot/share/prims/jni.cpp, line 632]
Event: 11.278 Thread 0x000001fc9fd1a800 Exception <a 'java/lang/ClassNotFoundException'{0x00000000e99234f8}: [Ljava/lang/String;Customizer> (0x00000000e99234f8) thrown at [./open/src/hotspot/share/prims/jni.cpp, line 632]
Event: 11.333 Thread 0x000001fca0f70000 Exception <a 'java/lang/NoSuchMethodError'{0x00000000e97ec840}: java.lang.invoke.Invokers$Holder.linkToTargetMethod(Ljava/lang/Object;Ljava/lang/Object;Ljava/lang/Object;ILjava/lang/Object;Ljava/lang/Object;)Ljava/lang/Object;> (0x00000000e97ec840) thrown
Event: 11.358 Thread 0x000001fca0f77800 Exception <a 'java/lang/NoSuchMethodError'{0x00000000e9726610}: java.lang.invoke.DirectMethodHandle$Holder.invokeInterface(Ljava/lang/Object;Ljava/lang/Object;Ljava/lang/Object;Ljava/lang/Object;)V> (0x00000000e9726610) thrown at [./open/src/hotspot/share
Event: 11.430 Thread 0x000001fca0f77800 Exception <a 'java/lang/IncompatibleClassChangeError'{0x00000000e94ad960}: Found class java.lang.Object, but interface was expected> (0x00000000e94ad960) thrown at [./open/src/hotspot/share/interpreter/linkResolver.cpp, line 838]
Event: 11.434 Thread 0x000001fca047d000 Exception <a 'java/lang/NoSuchMethodError'{0x00000000eff916e8}: static Lorg/gradle/internal/build/event/types/DefaultTaskStartedProgressEvent;.<clinit>()V> (0x00000000eff916e8) thrown at [./open/src/hotspot/share/prims/jni.cpp, line 1366]
Event: 11.434 Thread 0x000001fca047d000 Exception <a 'java/lang/NoSuchMethodError'{0x00000000eff92e00}: static Lorg/gradle/internal/build/event/types/AbstractProgressEvent;.<clinit>()V> (0x00000000eff92e00) thrown at [./open/src/hotspot/share/prims/jni.cpp, line 1366]
Event: 11.436 Thread 0x000001fca047d000 Exception <a 'java/lang/NoSuchMethodError'{0x00000000eff9d250}: static Lorg/gradle/internal/build/event/types/DefaultTaskDescriptor;.<clinit>()V> (0x00000000eff9d250) thrown at [./open/src/hotspot/share/prims/jni.cpp, line 1366]
Event: 11.441 Thread 0x000001fca047d000 Exception <a 'java/lang/NoSuchMethodError'{0x00000000e9355900}: static Lorg/gradle/internal/operations/OperationIdentifier;.<clinit>()V> (0x00000000e9355900) thrown at [./open/src/hotspot/share/prims/jni.cpp, line 1366]
Event: 11.442 Thread 0x000001fca047d000 Exception <a 'java/lang/NoSuchMethodError'{0x00000000e935f378}: static Lorg/gradle/internal/build/event/types/DefaultBinaryPluginIdentifier;.<clinit>()V> (0x00000000e935f378) thrown at [./open/src/hotspot/share/prims/jni.cpp, line 1366]

Events (10 events):
Event: 11.442 loading class org/gradle/internal/execution/UnitOfWork$OutputFileValueSupplier$1 done
Event: 11.442 loading class com/google/common/collect/Streams
Event: 11.442 loading class com/google/common/collect/Streams done
Event: 11.445 loading class org/gradle/internal/execution/BuildOutputCleanupRegistry
Event: 11.445 loading class org/gradle/internal/execution/BuildOutputCleanupRegistry done
Event: 11.446 loading class org/gradle/internal/execution/steps/CleanupStaleOutputsStep$1
Event: 11.446 loading class org/gradle/internal/execution/steps/CleanupStaleOutputsStep$1 done
Event: 11.446 Thread 0x000001fca0f77800 Uncommon trap: trap_request=0xffffff4d fr.pc=0x000001fc92fa421c relative=0x000000000000007c
Event: 11.446 Thread 0x000001fca0f77800 DEOPT PACKING pc=0x000001fc92fa421c sp=0x00000098c58fde50
Event: 11.447 Thread 0x000001fca0f77800 DEOPT UNPACKING pc=0x000001fc8b2865af sp=0x00000098c58fdde8 mode 2


Dynamic libraries:
0x00007ff6c7d40000 - 0x00007ff6c7d50000 	C:\Program Files\Java\jdk-11\bin\java.exe
0x00007ffb25cf0000 - 0x00007ffb25ee8000 	C:\Windows\SYSTEM32\ntdll.dll
0x00007ffb25550000 - 0x00007ffb2560f000 	C:\Windows\System32\KERNEL32.DLL
0x00007ffb23910000 - 0x00007ffb23c06000 	C:\Windows\System32\KERNELBASE.dll
0x00007ffb233d0000 - 0x00007ffb234d0000 	C:\Windows\System32\ucrtbase.dll
0x00007ffb13690000 - 0x00007ffb136ab000 	C:\Program Files\Java\jdk-11\bin\VCRUNTIME140.dll
0x00007ffb11d00000 - 0x00007ffb11d18000 	C:\Program Files\Java\jdk-11\bin\jli.dll
0x00007ffb25770000 - 0x00007ffb2581f000 	C:\Windows\System32\ADVAPI32.dll
0x00007ffb24d40000 - 0x00007ffb24dde000 	C:\Windows\System32\msvcrt.dll
0x00007ffb25640000 - 0x00007ffb256dc000 	C:\Windows\System32\sechost.dll
0x00007ffb247c0000 - 0x00007ffb248e6000 	C:\Windows\System32\RPCRT4.dll
0x00007ffb25250000 - 0x00007ffb253ed000 	C:\Windows\System32\USER32.dll
0x00007ffb238e0000 - 0x00007ffb23902000 	C:\Windows\System32\win32u.dll
0x00007ffb13b50000 - 0x00007ffb13dea000 	C:\Windows\WinSxS\amd64_microsoft.windows.common-controls_6595b64144ccf1df_6.0.19041.1110_none_60b5254171f9507e\COMCTL32.dll
0x00007ffb256e0000 - 0x00007ffb2570c000 	C:\Windows\System32\GDI32.dll
0x00007ffb237c0000 - 0x00007ffb238d5000 	C:\Windows\System32\gdi32full.dll
0x00007ffb23720000 - 0x00007ffb237bd000 	C:\Windows\System32\msvcp_win.dll
0x00007ffb176f0000 - 0x00007ffb176fa000 	C:\Windows\SYSTEM32\VERSION.dll
0x00007ffb25610000 - 0x00007ffb25640000 	C:\Windows\System32\IMM32.DLL
0x00007ffb16240000 - 0x00007ffb1624c000 	C:\Program Files\Java\jdk-11\bin\vcruntime140_1.dll
0x00007ffb028d0000 - 0x00007ffb0295e000 	C:\Program Files\Java\jdk-11\bin\msvcp140.dll
0x00007ffafdc00000 - 0x00007ffafe768000 	C:\Program Files\Java\jdk-11\bin\server\jvm.dll
0x00007ffb247a0000 - 0x00007ffb247a8000 	C:\Windows\System32\PSAPI.DLL
0x00007ffb1ca00000 - 0x00007ffb1ca09000 	C:\Windows\SYSTEM32\WSOCK32.dll
0x00007ffb0d8e0000 - 0x00007ffb0d907000 	C:\Windows\SYSTEM32\WINMM.dll
0x00007ffb254e0000 - 0x00007ffb2554b000 	C:\Windows\System32\WS2_32.dll
0x00007ffb212a0000 - 0x00007ffb212b2000 	C:\Windows\SYSTEM32\kernel.appcore.dll
0x00007ffb161f0000 - 0x00007ffb16200000 	C:\Program Files\Java\jdk-11\bin\verify.dll
0x00007ffb158d0000 - 0x00007ffb15ab4000 	C:\Windows\SYSTEM32\DBGHELP.DLL
0x00007ffb157c0000 - 0x00007ffb157f4000 	C:\Windows\SYSTEM32\dbgcore.DLL
0x00007ffb23c10000 - 0x00007ffb23c92000 	C:\Windows\System32\bcryptPrimitives.dll
0x00007ffb104e0000 - 0x00007ffb10508000 	C:\Program Files\Java\jdk-11\bin\java.dll
0x00007ffb12980000 - 0x00007ffb1298a000 	C:\Program Files\Java\jdk-11\bin\jimage.dll
0x00007ffb10f90000 - 0x00007ffb10fa7000 	C:\Program Files\Java\jdk-11\bin\zip.dll
0x00007ffb23f30000 - 0x00007ffb24674000 	C:\Windows\System32\SHELL32.dll
0x00007ffb214a0000 - 0x00007ffb21c33000 	C:\Windows\SYSTEM32\windows.storage.dll
0x00007ffb258d0000 - 0x00007ffb25c24000 	C:\Windows\System32\combase.dll
0x00007ffb22d40000 - 0x00007ffb22d6e000 	C:\Windows\SYSTEM32\Wldp.dll
0x00007ffb25820000 - 0x00007ffb258cd000 	C:\Windows\System32\SHCORE.dll
0x00007ffb25480000 - 0x00007ffb254d5000 	C:\Windows\System32\shlwapi.dll
0x00007ffb23310000 - 0x00007ffb2332f000 	C:\Windows\SYSTEM32\profapi.dll
0x00007ffb10750000 - 0x00007ffb10769000 	C:\Program Files\Java\jdk-11\bin\net.dll
0x00007ffb1cce0000 - 0x00007ffb1cdea000 	C:\Windows\SYSTEM32\WINHTTP.dll
0x00007ffb22aa0000 - 0x00007ffb22b0a000 	C:\Windows\system32\mswsock.dll
0x00007ffb103d0000 - 0x00007ffb103e2000 	C:\Program Files\Java\jdk-11\bin\nio.dll
0x00007ffb10520000 - 0x00007ffb10547000 	C:\Users\Admin\.gradle\native\68d5fa5c4cc2d200863cafc0d521ce42e7d3e7ee720ec0a83991735586a16f82\windows-amd64\native-platform.dll
0x00007ffb02780000 - 0x00007ffb028c4000 	C:\Users\Admin\.gradle\native\e376f236ea51e6404a007f0833ffe2c6e607c4080706a723a18a27aeea778392\windows-amd64\native-platform-file-events.dll
0x00007ffb109f0000 - 0x00007ffb109f9000 	C:\Program Files\Java\jdk-11\bin\management.dll
0x00007ffb10710000 - 0x00007ffb1071b000 	C:\Program Files\Java\jdk-11\bin\management_ext.dll
0x00007ffb22ca0000 - 0x00007ffb22cb8000 	C:\Windows\SYSTEM32\CRYPTSP.dll
0x00007ffb223c0000 - 0x00007ffb223f4000 	C:\Windows\system32\rsaenh.dll
0x00007ffb234d0000 - 0x00007ffb234f7000 	C:\Windows\System32\bcrypt.dll
0x00007ffb23290000 - 0x00007ffb232be000 	C:\Windows\SYSTEM32\USERENV.dll
0x00007ffb22c90000 - 0x00007ffb22c9c000 	C:\Windows\SYSTEM32\CRYPTBASE.dll
0x00007ffb22790000 - 0x00007ffb227cc000 	C:\Windows\SYSTEM32\IPHLPAPI.DLL
0x00007ffb24cd0000 - 0x00007ffb24cd8000 	C:\Windows\System32\NSI.dll
0x00007ffb1d8c0000 - 0x00007ffb1d8d7000 	C:\Windows\SYSTEM32\dhcpcsvc6.DLL
0x00007ffb1d8a0000 - 0x00007ffb1d8bd000 	C:\Windows\SYSTEM32\dhcpcsvc.DLL
0x00007ffb227d0000 - 0x00007ffb2289a000 	C:\Windows\SYSTEM32\DNSAPI.dll

dbghelp: loaded successfully - version: 4.0.5 - missing functions: none
symbol engine: initialized successfully - sym options: 0x614 - pdb path: .;C:\Program Files\Java\jdk-11\bin;C:\Windows\SYSTEM32;C:\Windows\WinSxS\amd64_microsoft.windows.common-controls_6595b64144ccf1df_6.0.19041.1110_none_60b5254171f9507e;C:\Program Files\Java\jdk-11\bin\server;C:\Users\Admin\.gradle\native\68d5fa5c4cc2d200863cafc0d521ce42e7d3e7ee720ec0a83991735586a16f82\windows-amd64;C:\Users\Admin\.gradle\native\e376f236ea51e6404a007f0833ffe2c6e607c4080706a723a18a27aeea778392\windows-amd64

VM Arguments:
jvm_args: --add-opens=java.base/java.util=ALL-UNNAMED --add-opens=java.base/java.lang=ALL-UNNAMED --add-opens=java.base/java.lang.invoke=ALL-UNNAMED --add-opens=java.prefs/java.util.prefs=ALL-UNNAMED --add-opens=java.base/java.nio.charset=ALL-UNNAMED --add-opens=java.base/java.net=ALL-UNNAMED --add-opens=java.base/java.util.concurrent.atomic=ALL-UNNAMED -XX:MaxMetaspaceSize=256m -XX:+HeapDumpOnOutOfMemoryError -Xms256m -Xmx512m -Dfile.encoding=windows-1252 -Duser.country=US -Duser.language=en -Duser.variant 
java_command: org.gradle.launcher.daemon.bootstrap.GradleDaemon 8.0
java_class_path (initial): C:\Users\Admin\.gradle\wrapper\dists\gradle-8.0-bin\ca5e32bp14vu59qr306oxotwh\gradle-8.0\lib\gradle-launcher-8.0.jar
Launcher Type: SUN_STANDARD

[Global flags]
     intx CICompilerCount                          = 3                                         {product} {ergonomic}
   size_t CompressedClassSpaceSize                 = 260046848                                 {product} {ergonomic}
     uint ConcGCThreads                            = 1                                         {product} {ergonomic}
     uint G1ConcRefinementThreads                  = 4                                         {product} {ergonomic}
   size_t G1HeapRegionSize                         = 1048576                                   {product} {ergonomic}
    uintx GCDrainStackTargetSize                   = 64                                        {product} {ergonomic}
     bool HeapDumpOnOutOfMemoryError               = true                                   {manageable} {command line}
   size_t InitialHeapSize                          = 268435456                                 {product} {command line}
   size_t MarkStackSize                            = 4194304                                   {product} {ergonomic}
   size_t MaxHeapSize                              = 536870912                                 {product} {command line}
   size_t MaxMetaspaceSize                         = 268435456                                 {product} {command line}
   size_t MaxNewSize                               = 321912832                                 {product} {ergonomic}
   size_t MinHeapDeltaBytes                        = 1048576                                   {product} {ergonomic}
    uintx NonNMethodCodeHeapSize                   = 5830732                                {pd product} {ergonomic}
    uintx NonProfiledCodeHeapSize                  = 122913754                              {pd product} {ergonomic}
    uintx ProfiledCodeHeapSize                     = 122913754                              {pd product} {ergonomic}
    uintx ReservedCodeCacheSize                    = 251658240                              {pd product} {ergonomic}
     bool SegmentedCodeCache                       = true                                      {product} {ergonomic}
     bool UseCompressedClassPointers               = true                                 {lp64_product} {ergonomic}
     bool UseCompressedOops                        = true                                 {lp64_product} {ergonomic}
     bool UseG1GC                                  = true                                      {product} {ergonomic}
     bool UseLargePagesIndividualAllocation        = false                                  {pd product} {ergonomic}

Logging:
Log output configuration:
 #0: stdout all=warning uptime,level,tags
 #1: stderr all=off uptime,level,tags

Environment Variables:
JAVA_HOME=C:\Program Files\Java\jdk-11
PATH=C:\Program Files\Common Files\Oracle\Java\javapath;C:\Windows\system32;C:\Windows;C:\Windows\System32\Wbem;C:\Windows\System32\WindowsPowerShell\v1.0\;C:\Windows\System32\OpenSSH\;C:\Program Files\nodejs\;C:\Program Files\Git\cmd;F:\JMeter\apache-jmeter-5.5\bin;C:\Program Files\Java\jdk-11\bin;C:\Users\Admin\AppData\Local\Microsoft\WindowsApps;C:\Users\Admin\AppData\Roaming\npm;C:\Users\Admin\AppData\Local\Programs\Microsoft VS Code\bin
USERNAME=Admin
OS=Windows_NT
PROCESSOR_IDENTIFIER=Intel64 Family 6 Model 42 Stepping 7, GenuineIntel



---------------  S Y S T E M  ---------------

OS: Windows 10 , 64 bit Build 19041 (10.0.19041.3031)

CPU:total 4 (initial active 4) (2 cores per cpu, 2 threads per core) family 6 model 42 stepping 7 microcode 0x2f, cmov, cx8, fxsr, mmx, sse, sse2, sse3, ssse3, sse4.1, sse4.2, popcnt, avx, clmul, ht, tsc, tscinvbit

Memory: 4k page, system-wide physical 3984M (306M free)
TotalPageFile size 10384M (AvailPageFile size 3540M)
current process WorkingSet (physical memory assigned to process): 351M, peak: 353M
current process commit charge ("private bytes"): 471M, peak: 473M

vm_info: Java HotSpot(TM) 64-Bit Server VM (11.0.18+9-LTS-195) for windows-amd64 JRE (11.0.18+9-LTS-195), built on Dec  6 2022 15:50:58 by "mach5one" with MS VC++ 17.1 (VS2022)

END.
